Application/app/build/outputs/logs/manifest-merger-debug-report.txt
-- Merging decision tree log ---
manifest
ADDED from src/main/AndroidManifest.xml:16:1-62:12
INJECTED from src/main/AndroidManifest.xml:16:1-62:12
INJECTED from src/main/AndroidManifest.xml:16:1-62:12
INJECTED from src/main/AndroidManifest.xml:16:1-62:12
MERGED from [:TVUIComponent] AndroidManifest.xml:32:1-128:12
MERGED from [:AMZNMediaPlayerComponent] AndroidManifest.xml:16:1-36:12
MERGED from [:ContentBrowser] AndroidManifest.xml:16:1-60:12
MERGED from [:UAMP] AndroidManifest.xml:16:1-28:12
MERGED from [:PassThroughAdsComponent] AndroidManifest.xml:16:1-33:12
MERGED from [:PassThroughLoginComponent] AndroidManifest.xml:16:1-31:12
MERGED from [:LoggerAnalyticsComponent] AndroidManifest.xml:16:1-33:12
MERGED from [:ModuleInterface] AndroidManifest.xml:16:1-28:12
MERGED from [:AnalyticsInterface] AndroidManifest.xml:16:1-30:12
MERGED from [:ContentModel] AndroidManifest.xml:16:1-28:12
MERGED from [:PurchaseInterface] AndroidManifest.xml:16:1-30:12
MERGED from [:DataLoader] AndroidManifest.xml:16:1-27:12
MERGED from [:DynamicParser] AndroidManifest.xml:16:1-30:12
MERGED from [:Utils] AndroidManifest.xml:2:1-31:12
MERGED from [:AuthInterface] AndroidManifest.xml:16:1-27:12
MERGED from [:AdsInterface] AndroidManifest.xml:16:1-28:12
MERGED from [com.android.support:leanback-v17:23.1.1] AndroidManifest.xml:17:1-24:12
MERGED from [com.android.support:recyclerview-v7:23.1.1] AndroidManifest.xml:17:1-22:12
MERGED from [:Calligraphy] AndroidManifest.xml:2:1-13:12
MERGED from [com.trello:rxlifecycle-components:0.4.0] AndroidManifest.xml:13:1-19:12
MERGED from [com.android.support:appcompat-v7:23.1.1] AndroidManifest.xml:17:1-24:12
MERGED from [com.android.support:recommendation:23.1.1] AndroidManifest.xml:17:1-24:12
MERGED from [com.android.support:support-v4:23.1.1] AndroidManifest.xml:17:1-24:12
MERGED from [:AlexaClientLib] AndroidManifest.xml:2:1-32:12
MERGED from [com.trello:rxlifecycle:0.4.0] AndroidManifest.xml:13:1-19:12
MERGED from [com.jakewharton.rxbinding:rxbinding:0.3.0] AndroidManifest.xml:2:1-8:12
MERGED from [io.reactivex:rxandroid:1.1.0] AndroidManifest.xml:15:1-21:12
MERGED from [com.squareup.leakcanary:leakcanary-android:1.4-beta2] AndroidManifest.xml:17:1-59:12
INJECTED from src/main/AndroidManifest.xml:16:1-62:12
INJECTED from src/main/AndroidManifest.xml:16:1-62:12
INJECTED from src/main/AndroidManifest.xml:16:1-62:12
	package
		ADDED from src/main/AndroidManifest.xml:17:11-58
		INJECTED from src/main/AndroidManifest.xml
		INJECTED from src/main/AndroidManifest.xml
	android:versionName
		INJECTED from src/main/AndroidManifest.xml
		ADDED from src/main/AndroidManifest.xml:16:1-62:12
		INJECTED from src/main/AndroidManifest.xml
	android:versionCode
		INJECTED from src/main/AndroidManifest.xml
		ADDED from src/main/AndroidManifest.xml:16:1-62:12
		INJECTED from src/main/AndroidManifest.xml
	xmlns:android
		ADDED from src/main/AndroidManifest.xml:16:11-69
uses-feature#android.software.leanback
ADDED from src/main/AndroidManifest.xml:19:5-85
MERGED from [:TVUIComponent] AndroidManifest.xml:52:5-54:35
MERGED from [:TVUIComponent] AndroidManifest.xml:52:5-54:35
	android:required
		ADDED from src/main/AndroidManifest.xml:19:60-83
	android:name
		ADDED from src/main/AndroidManifest.xml:19:19-59
uses-feature#android.hardware.touchscreen
ADDED from src/main/AndroidManifest.xml:20:5-89
MERGED from [:TVUIComponent] AndroidManifest.xml:49:5-51:36
MERGED from [:TVUIComponent] AndroidManifest.xml:49:5-51:36
	android:required
		ADDED from src/main/AndroidManifest.xml:20:63-87
	android:name
		ADDED from src/main/AndroidManifest.xml:20:19-62
application
ADDED from src/main/AndroidManifest.xml:28:5-60:19
MERGED from [:TVUIComponent] AndroidManifest.xml:78:5-126:19
MERGED from [:TVUIComponent] AndroidManifest.xml:78:5-126:19
MERGED from [:AMZNMediaPlayerComponent] AndroidManifest.xml:30:5-34:19
MERGED from [:AMZNMediaPlayerComponent] AndroidManifest.xml:30:5-34:19
MERGED from [:ContentBrowser] AndroidManifest.xml:30:5-58:19
MERGED from [:ContentBrowser] AndroidManifest.xml:30:5-58:19
MERGED from [:UAMP] AndroidManifest.xml:25:5-26:19
MERGED from [:UAMP] AndroidManifest.xml:25:5-26:19
MERGED from [:PassThroughAdsComponent] AndroidManifest.xml:25:5-31:19
MERGED from [:PassThroughAdsComponent] AndroidManifest.xml:25:5-31:19
MERGED from [:PassThroughLoginComponent] AndroidManifest.xml:25:5-29:19
MERGED from [:PassThroughLoginComponent] AndroidManifest.xml:25:5-29:19
MERGED from [:LoggerAnalyticsComponent] AndroidManifest.xml:25:5-31:19
MERGED from [:LoggerAnalyticsComponent] AndroidManifest.xml:25:5-31:19
MERGED from [:ModuleInterface] AndroidManifest.xml:25:5-26:19
MERGED from [:ModuleInterface] AndroidManifest.xml:25:5-26:19
MERGED from [:AnalyticsInterface] AndroidManifest.xml:25:5-28:19
MERGED from [:AnalyticsInterface] AndroidManifest.xml:25:5-28:19
MERGED from [:ContentModel] AndroidManifest.xml:25:5-26:19
MERGED from [:ContentModel] AndroidManifest.xml:25:5-26:19
MERGED from [:PurchaseInterface] AndroidManifest.xml:25:5-28:19
MERGED from [:PurchaseInterface] AndroidManifest.xml:25:5-28:19
MERGED from [:DataLoader] AndroidManifest.xml:25:5-47
MERGED from [:DataLoader] AndroidManifest.xml:25:5-47
MERGED from [:DynamicParser] AndroidManifest.xml:25:5-28:19
MERGED from [:DynamicParser] AndroidManifest.xml:25:5-28:19
MERGED from [:Utils] AndroidManifest.xml:26:5-29:19
MERGED from [:Utils] AndroidManifest.xml:26:5-29:19
MERGED from [:AuthInterface] AndroidManifest.xml:25:5-47
MERGED from [:AuthInterface] AndroidManifest.xml:25:5-47
MERGED from [:AdsInterface] AndroidManifest.xml:25:5-26:19
MERGED from [:AdsInterface] AndroidManifest.xml:25:5-26:19
MERGED from [com.android.support:leanback-v17:23.1.1] AndroidManifest.xml:22:5-20
MERGED from [com.android.support:leanback-v17:23.1.1] AndroidManifest.xml:22:5-20
MERGED from [:Calligraphy] AndroidManifest.xml:11:5-20
MERGED from [:Calligraphy] AndroidManifest.xml:11:5-20
MERGED from [com.android.support:appcompat-v7:23.1.1] AndroidManifest.xml:22:5-20
MERGED from [com.android.support:appcompat-v7:23.1.1] AndroidManifest.xml:22:5-20
MERGED from [com.android.support:recommendation:23.1.1] AndroidManifest.xml:22:5-20
MERGED from [com.android.support:recommendation:23.1.1] AndroidManifest.xml:22:5-20
MERGED from [com.android.support:support-v4:23.1.1] AndroidManifest.xml:22:5-20
MERGED from [com.android.support:support-v4:23.1.1] AndroidManifest.xml:22:5-20
MERGED from [:AlexaClientLib] AndroidManifest.xml:17:5-30:19
MERGED from [:AlexaClientLib] AndroidManifest.xml:17:5-30:19
MERGED from [com.squareup.leakcanary:leakcanary-android:1.4-beta2] AndroidManifest.xml:28:5-57:19
MERGED from [com.squareup.leakcanary:leakcanary-android:1.4-beta2] AndroidManifest.xml:28:5-57:19
	android:supportsRtl
		ADDED from [:LoggerAnalyticsComponent] AndroidManifest.xml:27:9-35
	android:label
		ADDED from src/main/AndroidManifest.xml:30:13-45
	android:icon
		ADDED from src/main/AndroidManifest.xml:32:13-46
	android:allowBackup
		ADDED from src/main/AndroidManifest.xml:29:13-39
	android:banner
		ADDED from src/main/AndroidManifest.xml:34:13-50
	android:theme
		ADDED from src/main/AndroidManifest.xml:33:13-44
	android:name
		ADDED from src/main/AndroidManifest.xml:31:13-73
activity#com.amazon.android.tv.tenfoot.ui.activities.SplashActivity
ADDED from src/main/AndroidManifest.xml:35:9-59:20
MERGED from [:TVUIComponent] AndroidManifest.xml:108:9-95
MERGED from [:TVUIComponent] AndroidManifest.xml:108:9-95
	android:screenOrientation
		ADDED from src/main/AndroidManifest.xml:37:17-54
	android:launchMode
		ADDED from src/main/AndroidManifest.xml:39:17-48
	android:noHistory
		ADDED from src/main/AndroidManifest.xml:38:17-41
	android:name
		ADDED from src/main/AndroidManifest.xml:36:17-90
intent-filter#action:name:android.intent.action.MAIN+category:name:android.intent.category.LAUNCHER+category:name:android.intent.category.LEANBACK_LAUNCHER
ADDED from src/main/AndroidManifest.xml:40:13-44:29
action#android.intent.action.MAIN
ADDED from src/main/AndroidManifest.xml:41:17-68
	android:name
		ADDED from src/main/AndroidManifest.xml:41:25-66
category#android.intent.category.LAUNCHER
ADDED from src/main/AndroidManifest.xml:42:17-76
	android:name
		ADDED from src/main/AndroidManifest.xml:42:27-74
category#android.intent.category.LEANBACK_LAUNCHER
ADDED from src/main/AndroidManifest.xml:43:17-85
	android:name
		ADDED from src/main/AndroidManifest.xml:43:27-83
intent-filter#action:name:PLAY_CONTENT_FROM_LAUNCHER+category:name:android.intent.category.DEFAULT
ADDED from src/main/AndroidManifest.xml:48:13-51:29
action#PLAY_CONTENT_FROM_LAUNCHER
ADDED from src/main/AndroidManifest.xml:49:17-68
	android:name
		ADDED from src/main/AndroidManifest.xml:49:25-66
category#android.intent.category.DEFAULT
ADDED from src/main/AndroidManifest.xml:50:17-75
	android:name
		ADDED from src/main/AndroidManifest.xml:50:27-73
uses-sdk
INJECTED from src/main/AndroidManifest.xml reason: use-sdk injection requested
INJECTED from src/main/AndroidManifest.xml
INJECTED from src/main/AndroidManifest.xml
MERGED from [:TVUIComponent] AndroidManifest.xml:38:5-40:41
MERGED from [:TVUIComponent] AndroidManifest.xml:38:5-40:41
MERGED from [:AMZNMediaPlayerComponent] AndroidManifest.xml:21:5-23:41
MERGED from [:AMZNMediaPlayerComponent] AndroidManifest.xml:21:5-23:41
MERGED from [:ContentBrowser] AndroidManifest.xml:21:5-23:41
MERGED from [:ContentBrowser] AndroidManifest.xml:21:5-23:41
MERGED from [:UAMP] AndroidManifest.xml:21:5-23:41
MERGED from [:UAMP] AndroidManifest.xml:21:5-23:41
MERGED from [:PassThroughAdsComponent] AndroidManifest.xml:21:5-23:41
MERGED from [:PassThroughAdsComponent] AndroidManifest.xml:21:5-23:41
MERGED from [:PassThroughLoginComponent] AndroidManifest.xml:21:5-23:41
MERGED from [:PassThroughLoginComponent] AndroidManifest.xml:21:5-23:41
MERGED from [:LoggerAnalyticsComponent] AndroidManifest.xml:21:5-23:41
MERGED from [:LoggerAnalyticsComponent] AndroidManifest.xml:21:5-23:41
MERGED from [:ModuleInterface] AndroidManifest.xml:21:5-23:41
MERGED from [:ModuleInterface] AndroidManifest.xml:21:5-23:41
MERGED from [:AnalyticsInterface] AndroidManifest.xml:21:5-23:41
MERGED from [:AnalyticsInterface] AndroidManifest.xml:21:5-23:41
MERGED from [:ContentModel] AndroidManifest.xml:21:5-23:41
MERGED from [:ContentModel] AndroidManifest.xml:21:5-23:41
MERGED from [:PurchaseInterface] AndroidManifest.xml:21:5-23:41
MERGED from [:PurchaseInterface] AndroidManifest.xml:21:5-23:41
MERGED from [:DataLoader] AndroidManifest.xml:21:5-23:41
MERGED from [:DataLoader] AndroidManifest.xml:21:5-23:41
MERGED from [:DynamicParser] AndroidManifest.xml:21:5-23:41
MERGED from [:DynamicParser] AndroidManifest.xml:21:5-23:41
MERGED from [:Utils] AndroidManifest.xml:7:5-9:41
MERGED from [:Utils] AndroidManifest.xml:7:5-9:41
MERGED from [:AuthInterface] AndroidManifest.xml:21:5-23:41
MERGED from [:AuthInterface] AndroidManifest.xml:21:5-23:41
MERGED from [:AdsInterface] AndroidManifest.xml:21:5-23:41
MERGED from [:AdsInterface] AndroidManifest.xml:21:5-23:41
MERGED from [com.android.support:leanback-v17:23.1.1] AndroidManifest.xml:20:5-44
MERGED from [com.android.support:leanback-v17:23.1.1] AndroidManifest.xml:20:5-44
MERGED from [com.android.support:recyclerview-v7:23.1.1] AndroidManifest.xml:20:5-43
MERGED from [com.android.support:recyclerview-v7:23.1.1] AndroidManifest.xml:20:5-43
MERGED from [:Calligraphy] AndroidManifest.xml:7:5-9:41
MERGED from [:Calligraphy] AndroidManifest.xml:7:5-9:41
MERGED from [com.trello:rxlifecycle-components:0.4.0] AndroidManifest.xml:17:5-44
MERGED from [com.trello:rxlifecycle-components:0.4.0] AndroidManifest.xml:17:5-44
MERGED from [com.android.support:appcompat-v7:23.1.1] AndroidManifest.xml:20:5-43
MERGED from [com.android.support:appcompat-v7:23.1.1] AndroidManifest.xml:20:5-43
MERGED from [com.android.support:recommendation:23.1.1] AndroidManifest.xml:20:5-44
MERGED from [com.android.support:recommendation:23.1.1] AndroidManifest.xml:20:5-44
MERGED from [com.android.support:support-v4:23.1.1] AndroidManifest.xml:20:5-43
MERGED from [com.android.support:support-v4:23.1.1] AndroidManifest.xml:20:5-43
MERGED from [:AlexaClientLib] AndroidManifest.xml:8:5-10:41
MERGED from [:AlexaClientLib] AndroidManifest.xml:8:5-10:41
MERGED from [com.trello:rxlifecycle:0.4.0] AndroidManifest.xml:17:5-44
MERGED from [com.trello:rxlifecycle:0.4.0] AndroidManifest.xml:17:5-44
MERGED from [com.jakewharton.rxbinding:rxbinding:0.3.0] AndroidManifest.xml:6:5-44
MERGED from [com.jakewharton.rxbinding:rxbinding:0.3.0] AndroidManifest.xml:6:5-44
MERGED from [io.reactivex:rxandroid:1.1.0] AndroidManifest.xml:19:5-43
MERGED from [io.reactivex:rxandroid:1.1.0] AndroidManifest.xml:19:5-43
MERGED from [com.squareup.leakcanary:leakcanary-android:1.4-beta2] AndroidManifest.xml:20:5-22:41
MERGED from [com.squareup.leakcanary:leakcanary-android:1.4-beta2] AndroidManifest.xml:20:5-22:41
INJECTED from src/main/AndroidManifest.xml
INJECTED from src/main/AndroidManifest.xml
	android:targetSdkVersion
		INJECTED from src/main/AndroidManifest.xml
		ADDED from src/main/AndroidManifest.xml
		INJECTED from src/main/AndroidManifest.xml
	android:minSdkVersion
		INJECTED from src/main/AndroidManifest.xml
		ADDED from src/main/AndroidManifest.xml
		INJECTED from src/main/AndroidManifest.xml
uses-permission#android.permission.INTERNET
ADDED from [:TVUIComponent] AndroidManifest.xml:42:5-67
MERGED from [:AMZNMediaPlayerComponent] AndroidManifest.xml:25:5-67
MERGED from [:AMZNMediaPlayerComponent] AndroidManifest.xml:25:5-67
MERGED from [:ContentBrowser] AndroidManifest.xml:26:5-67
MERGED from [:ContentBrowser] AndroidManifest.xml:26:5-67
MERGED from [:Utils] AndroidManifest.xml:24:5-67
MERGED from [:Utils] AndroidManifest.xml:24:5-67
MERGED from [:AlexaClientLib] AndroidManifest.xml:14:5-67
MERGED from [:AlexaClientLib] AndroidManifest.xml:14:5-67
	android:name
		ADDED from [:TVUIComponent] AndroidManifest.xml:42:22-64
uses-permission#android.permission.RECEIVE_BOOT_COMPLETED
ADDED from [:TVUIComponent] AndroidManifest.xml:43:5-81
MERGED from [:ContentBrowser] AndroidManifest.xml:27:5-81
MERGED from [:ContentBrowser] AndroidManifest.xml:27:5-81
	android:name
		ADDED from [:TVUIComponent] AndroidManifest.xml:43:22-78
uses-permission#android.permission.ACCESS_NETWORK_STATE
ADDED from [:TVUIComponent] AndroidManifest.xml:44:5-79
MERGED from [:AMZNMediaPlayerComponent] AndroidManifest.xml:26:5-79
MERGED from [:AMZNMediaPlayerComponent] AndroidManifest.xml:26:5-79
MERGED from [:ContentBrowser] AndroidManifest.xml:28:5-79
MERGED from [:ContentBrowser] AndroidManifest.xml:28:5-79
MERGED from [:AlexaClientLib] AndroidManifest.xml:12:5-79
MERGED from [:AlexaClientLib] AndroidManifest.xml:12:5-79
	android:name
		ADDED from [:TVUIComponent] AndroidManifest.xml:44:22-76
uses-feature#android.hardware.microphone
ADDED from [:TVUIComponent] AndroidManifest.xml:46:5-48:36
	android:required
		ADDED from [:TVUIComponent] AndroidManifest.xml:48:9-33
	android:name
		ADDED from [:TVUIComponent] AndroidManifest.xml:47:9-51
uses-permission#android.permission.WRITE_EXTERNAL_STORAGE
ADDED from [:TVUIComponent] AndroidManifest.xml:56:5-81
MERGED from [:AMZNMediaPlayerComponent] AndroidManifest.xml:28:5-81
MERGED from [:AMZNMediaPlayerComponent] AndroidManifest.xml:28:5-81
MERGED from [com.squareup.leakcanary:leakcanary-android:1.4-beta2] AndroidManifest.xml:26:5-81
MERGED from [com.squareup.leakcanary:leakcanary-android:1.4-beta2] AndroidManifest.xml:26:5-81
	android:name
		ADDED from [:TVUIComponent] AndroidManifest.xml:56:22-78
uses-permission#android.permission.READ_EXTERNAL_STORAGE
ADDED from [:TVUIComponent] AndroidManifest.xml:57:5-80
MERGED from [com.squareup.leakcanary:leakcanary-android:1.4-beta2] AndroidManifest.xml:25:5-80
MERGED from [com.squareup.leakcanary:leakcanary-android:1.4-beta2] AndroidManifest.xml:25:5-80
	android:name
		ADDED from [:TVUIComponent] AndroidManifest.xml:57:22-77
permission#com.fireappbuilder.android.mycompany123.RECEIVE_ADM_MESSAGE
ADDED from [:TVUIComponent] AndroidManifest.xml:63:5-65:47
	android:protectionLevel
		ADDED from [:TVUIComponent] AndroidManifest.xml:65:9-44
	android:name
		ADDED from [:TVUIComponent] AndroidManifest.xml:64:9-83
uses-permission#com.fireappbuilder.android.mycompany123.RECEIVE_ADM_MESSAGE
ADDED from [:TVUIComponent] AndroidManifest.xml:67:5-99
	android:name
		ADDED from [:TVUIComponent] AndroidManifest.xml:67:22-96
uses-permission#com.amazon.device.messaging.permission.RECEIVE
ADDED from [:TVUIComponent] AndroidManifest.xml:73:5-86
	android:name
		ADDED from [:TVUIComponent] AndroidManifest.xml:73:22-83
uses-permission#android.permission.WAKE_LOCK
ADDED from [:TVUIComponent] AndroidManifest.xml:76:5-68
MERGED from [:AlexaClientLib] AndroidManifest.xml:13:5-68
MERGED from [:AlexaClientLib] AndroidManifest.xml:13:5-68
	android:name
		ADDED from [:TVUIComponent] AndroidManifest.xml:76:22-65
amazon:enable-feature
ADDED from [:TVUIComponent] AndroidManifest.xml:87:9-89:40
	android:required
		ADDED from [:TVUIComponent] AndroidManifest.xml:89:13-37
	android:name
		ADDED from [:TVUIComponent] AndroidManifest.xml:88:13-55
activity#com.amazon.android.tv.tenfoot.ui.activities.FullContentBrowseActivity
ADDED from [:TVUIComponent] AndroidManifest.xml:91:9-93:53
	android:screenOrientation
		ADDED from [:TVUIComponent] AndroidManifest.xml:93:13-50
	android:name
		ADDED from [:TVUIComponent] AndroidManifest.xml:92:13-97
activity#com.amazon.android.tv.tenfoot.ui.activities.ContentBrowseActivity
ADDED from [:TVUIComponent] AndroidManifest.xml:94:9-96:53
	android:screenOrientation
		ADDED from [:TVUIComponent] AndroidManifest.xml:96:13-50
	android:name
		ADDED from [:TVUIComponent] AndroidManifest.xml:95:13-93
activity#com.amazon.android.tv.tenfoot.ui.activities.ContentDetailsActivity
ADDED from [:TVUIComponent] AndroidManifest.xml:97:9-106:20
	android:exported
		ADDED from [:TVUIComponent] AndroidManifest.xml:99:13-36
	android:name
		ADDED from [:TVUIComponent] AndroidManifest.xml:98:13-94
intent-filter#action:name:android.intent.action.VIEW
ADDED from [:TVUIComponent] AndroidManifest.xml:102:13-105:29
action#android.intent.action.VIEW
ADDED from [:TVUIComponent] AndroidManifest.xml:103:17-69
	android:name
		ADDED from [:TVUIComponent] AndroidManifest.xml:103:25-66
activity#com.amazon.android.tv.tenfoot.ui.activities.ContentSearchActivity
ADDED from [:TVUIComponent] AndroidManifest.xml:107:9-102
	android:name
		ADDED from [:TVUIComponent] AndroidManifest.xml:107:19-99
activity#com.amazon.android.uamp.ui.PlaybackActivity
ADDED from [:TVUIComponent] AndroidManifest.xml:109:9-80
	android:name
		ADDED from [:TVUIComponent] AndroidManifest.xml:109:19-77
service#com.amazon.android.tv.tenfoot.receiver.TenFootADMessageHandler
ADDED from [:TVUIComponent] AndroidManifest.xml:112:9-114:40
	android:exported
		ADDED from [:TVUIComponent] AndroidManifest.xml:114:13-37
	android:name
		ADDED from [:TVUIComponent] AndroidManifest.xml:113:13-90
receiver#com.amazon.android.tv.tenfoot.receiver.TenFootADMessageHandler$MessageAlertReceiver
ADDED from [:TVUIComponent] AndroidManifest.xml:116:9-125:20
	android:permission
		ADDED from [:TVUIComponent] AndroidManifest.xml:118:13-77
	android:name
		ADDED from [:TVUIComponent] AndroidManifest.xml:117:13-111
intent-filter#action:name:com.amazon.device.messaging.intent.RECEIVE+action:name:com.amazon.device.messaging.intent.REGISTRATION+category:name:com.fireappbuilder.android.mycompany123
ADDED from [:TVUIComponent] AndroidManifest.xml:119:13-124:29
action#com.amazon.device.messaging.intent.REGISTRATION
ADDED from [:TVUIComponent] AndroidManifest.xml:120:17-90
	android:name
		ADDED from [:TVUIComponent] AndroidManifest.xml:120:25-87
action#com.amazon.device.messaging.intent.RECEIVE
ADDED from [:TVUIComponent] AndroidManifest.xml:121:17-85
	android:name
		ADDED from [:TVUIComponent] AndroidManifest.xml:121:25-82
category#com.fireappbuilder.android.mycompany123
ADDED from [:TVUIComponent] AndroidManifest.xml:123:17-84
	android:name
		ADDED from [:TVUIComponent] AndroidManifest.xml:123:27-81
uses-permission#android.permission.ACCESS_WIFI_STATE
ADDED from [:AMZNMediaPlayerComponent] AndroidManifest.xml:27:5-76
MERGED from [:AlexaClientLib] AndroidManifest.xml:15:5-76
MERGED from [:AlexaClientLib] AndroidManifest.xml:15:5-76
	android:name
		ADDED from [:AMZNMediaPlayerComponent] AndroidManifest.xml:27:22-73
meta-data#AMZNAP@AMZNPlayer
ADDED from [:AMZNMediaPlayerComponent] AndroidManifest.xml:31:9-33:93
	android:value
		ADDED from [:AMZNMediaPlayerComponent] AndroidManifest.xml:33:13-90
	android:name
		ADDED from [:AMZNMediaPlayerComponent] AndroidManifest.xml:32:13-45
uses-permission#com.amazon.device.permission.COMRADE_CAPABILITIES
ADDED from [:ContentBrowser] AndroidManifest.xml:25:5-89
	android:name
		ADDED from [:ContentBrowser] AndroidManifest.xml:25:22-86
receiver#com.amazon.android.contentbrowser.helper.LauncherIntegrationBroadcastReceiver
ADDED from [:ContentBrowser] AndroidManifest.xml:35:9-40:20
	android:name
		ADDED from [:ContentBrowser] AndroidManifest.xml:35:19-111
intent-filter#action:name:com.amazon.device.REQUEST_CAPABILITIES
ADDED from [:ContentBrowser] AndroidManifest.xml:36:13-39:29
action#com.amazon.device.REQUEST_CAPABILITIES
ADDED from [:ContentBrowser] AndroidManifest.xml:37:17-38:26
	android:name
		ADDED from [:ContentBrowser] AndroidManifest.xml:37:25-78
receiver#com.amazon.android.contentbrowser.recommendations.BootCompletedReceiver
ADDED from [:ContentBrowser] AndroidManifest.xml:41:9-50:20
	android:enabled
		ADDED from [:ContentBrowser] AndroidManifest.xml:43:13-35
	android:exported
		ADDED from [:ContentBrowser] AndroidManifest.xml:44:13-37
	android:name
		ADDED from [:ContentBrowser] AndroidManifest.xml:42:13-99
intent-filter#action:name:android.intent.action.BOOT_COMPLETED+action:name:android.intent.action.TIMEZONE_CHANGED+action:name:android.intent.action.TIME_SET
ADDED from [:ContentBrowser] AndroidManifest.xml:45:13-49:29
action#android.intent.action.BOOT_COMPLETED
ADDED from [:ContentBrowser] AndroidManifest.xml:46:17-79
	android:name
		ADDED from [:ContentBrowser] AndroidManifest.xml:46:25-76
action#android.intent.action.TIMEZONE_CHANGED
ADDED from [:ContentBrowser] AndroidManifest.xml:47:17-81
	android:name
		ADDED from [:ContentBrowser] AndroidManifest.xml:47:25-78
action#android.intent.action.TIME_SET
ADDED from [:ContentBrowser] AndroidManifest.xml:48:17-73
	android:name
		ADDED from [:ContentBrowser] AndroidManifest.xml:48:25-70
service#com.amazon.android.contentbrowser.recommendations.UpdateRecommendationsService
ADDED from [:ContentBrowser] AndroidManifest.xml:52:9-54:38
	android:enabled
		ADDED from [:ContentBrowser] AndroidManifest.xml:54:13-35
	android:name
		ADDED from [:ContentBrowser] AndroidManifest.xml:53:13-106
service#com.amazon.android.contentbrowser.recommendations.DeleteRecommendationService
ADDED from [:ContentBrowser] AndroidManifest.xml:55:9-57:38
	android:enabled
		ADDED from [:ContentBrowser] AndroidManifest.xml:57:13-35
	android:name
		ADDED from [:ContentBrowser] AndroidManifest.xml:56:13-105
meta-data#AMZNAP@PassThroughAds
ADDED from [:PassThroughAdsComponent] AndroidManifest.xml:28:9-30:89
	android:value
		ADDED from [:PassThroughAdsComponent] AndroidManifest.xml:30:13-86
	android:name
		ADDED from [:PassThroughAdsComponent] AndroidManifest.xml:29:13-49
meta-data#AMZNAP@PassThroughLogin
ADDED from [:PassThroughLoginComponent] AndroidManifest.xml:26:9-28:111
	android:value
		ADDED from [:PassThroughLoginComponent] AndroidManifest.xml:28:13-108
	android:name
		ADDED from [:PassThroughLoginComponent] AndroidManifest.xml:27:13-51
meta-data#AMZNAP@LoggerAnalytics
ADDED from [:LoggerAnalyticsComponent] AndroidManifest.xml:28:9-30:97
	android:value
		ADDED from [:LoggerAnalyticsComponent] AndroidManifest.xml:30:13-94
	android:name
		ADDED from [:LoggerAnalyticsComponent] AndroidManifest.xml:29:13-50
meta-data#com.amazon.alexa.vsk.clientlib.integrated_flag
ADDED from [:AlexaClientLib] AndroidManifest.xml:24:9-26:36
	android:value
		ADDED from [:AlexaClientLib] AndroidManifest.xml:26:13-33
	android:name
		ADDED from [:AlexaClientLib] AndroidManifest.xml:25:13-74
meta-data#com.amazon.alexa.vsk.clientlib.version
ADDED from [:AlexaClientLib] AndroidManifest.xml:27:9-29:37
	android:value
		ADDED from [:AlexaClientLib] AndroidManifest.xml:29:13-34
	android:name
		ADDED from [:AlexaClientLib] AndroidManifest.xml:28:13-66
service#com.squareup.leakcanary.internal.HeapAnalyzerService
ADDED from [com.squareup.leakcanary:leakcanary-android:1.4-beta2] AndroidManifest.xml:29:9-32:45
	android:process
		ADDED from [com.squareup.leakcanary:leakcanary-android:1.4-beta2] AndroidManifest.xml:32:13-42
	android:enabled
		ADDED from [com.squareup.leakcanary:leakcanary-android:1.4-beta2] AndroidManifest.xml:31:13-36
	android:name
		ADDED from [com.squareup.leakcanary:leakcanary-android:1.4-beta2] AndroidManifest.xml:30:13-80
service#com.squareup.leakcanary.DisplayLeakService
ADDED from [com.squareup.leakcanary:leakcanary-android:1.4-beta2] AndroidManifest.xml:33:9-35:39
	android:enabled
		ADDED from [com.squareup.leakcanary:leakcanary-android:1.4-beta2] AndroidManifest.xml:35:13-36
	android:name
		ADDED from [com.squareup.leakcanary:leakcanary-android:1.4-beta2] AndroidManifest.xml:34:13-70
activity#com.squareup.leakcanary.internal.DisplayLeakActivity
ADDED from [com.squareup.leakcanary:leakcanary-android:1.4-beta2] AndroidManifest.xml:37:9-49:20
	android:enabled
		ADDED from [com.squareup.leakcanary:leakcanary-android:1.4-beta2] AndroidManifest.xml:39:13-36
	android:label
		ADDED from [com.squareup.leakcanary:leakcanary-android:1.4-beta2] AndroidManifest.xml:41:13-71
	android:icon
		ADDED from [com.squareup.leakcanary:leakcanary-android:1.4-beta2] AndroidManifest.xml:40:13-54
	android:theme
		ADDED from [com.squareup.leakcanary:leakcanary-android:1.4-beta2] AndroidManifest.xml:43:13-63
	android:taskAffinity
		ADDED from [com.squareup.leakcanary:leakcanary-android:1.4-beta2] AndroidManifest.xml:42:13-59
	android:name
		ADDED from [com.squareup.leakcanary:leakcanary-android:1.4-beta2] AndroidManifest.xml:38:13-80
intent-filter#action:name:android.intent.action.MAIN+category:name:android.intent.category.LAUNCHER
ADDED from [com.squareup.leakcanary:leakcanary-android:1.4-beta2] AndroidManifest.xml:44:13-48:29
activity#com.squareup.leakcanary.internal.RequestStoragePermissionActivity
ADDED from [com.squareup.leakcanary:leakcanary-android:1.4-beta2] AndroidManifest.xml:50:9-56:68
	android:enabled
		ADDED from [com.squareup.leakcanary:leakcanary-android:1.4-beta2] AndroidManifest.xml:52:13-36
	android:label
		ADDED from [com.squareup.leakcanary:leakcanary-android:1.4-beta2] AndroidManifest.xml:54:13-82
	android:icon
		ADDED from [com.squareup.leakcanary:leakcanary-android:1.4-beta2] AndroidManifest.xml:53:13-54
	android:theme
		ADDED from [com.squareup.leakcanary:leakcanary-android:1.4-beta2] AndroidManifest.xml:56:13-65
	android:taskAffinity
		ADDED from [com.squareup.leakcanary:leakcanary-android:1.4-beta2] AndroidManifest.xml:55:13-59
	android:name
		ADDED from [com.squareup.leakcanary:leakcanary-android:1.4-beta2] AndroidManifest.xml:51:13-93